<?xml version="1.0" encoding="utf-8"?><testsuites name="pytest tests"><testsuite name="pytest" errors="0" failures="0" skipped="0" tests="76" time="28.000" timestamp="2026-04-04T19:53:53.065315+00:00" hostname="runnervm727z3"><testcase classname="tests.test_auth.TestLogin" name="test_login_page_renders" time="0.492" /><testcase classname="tests.test_auth.TestLogin" name="test_login_success" time="0.338" /><testcase classname="tests.test_auth.TestLogin" name="test_login_wrong_password" time="0.411" /><testcase classname="tests.test_auth.TestLogin" name="test_login_nonexistent_user" time="0.155" /><testcase classname="tests.test_auth.TestLogin" name="test_logout" time="0.344" /><testcase classname="tests.test_auth.TestLogin" name="test_register_route_exists" time="0.286" /><testcase classname="tests.test_auth.TestLogin" name="test_login_redirects_authenticated" time="0.335" /><testcase classname="tests.test_auth.TestCSVImport" name="test_import_requires_admin" time="0.335" /><testcase classname="tests.test_auth.TestCSVImport" name="test_import_page_renders_for_admin" time="0.460" /><testcase classname="tests.test_auth.TestCSVImport" name="test_import_csv" time="0.528" /><testcase classname="tests.test_auth.TestCSVImport" name="test_import_csv_skips_existing" time="0.544" /><testcase classname="tests.test_auth.TestCSVImport" name="test_import_csv_missing_columns" time="0.347" /><testcase classname="tests.test_auth.TestChangePassword" name="test_change_password_requires_login" time="0.139" /><testcase classname="tests.test_auth.TestChangePassword" name="test_change_password_wrong_current" time="0.561" /><testcase classname="tests.test_auth.TestChangePassword" name="test_change_password_strength_validation" time="0.349" /><testcase classname="tests.test_auth.TestChangePassword" name="test_change_password_logs_out_and_updates" time="0.960" /><testcase classname="tests.test_dashboard.TestInspectorBulkReset" name="test_bulk_reset_filtered_users" time="0.751" /><testcase classname="tests.test_dashboard.TestInspectorBulkReset" name="test_bulk_reset_all_excludes_admin" time="0.537" /><testcase classname="tests.test_dashboard.TestInspectorBulkReset" name="test_bulk_reset_requires_admin" time="0.337" /><testcase classname="tests.test_dashboard.TestInspectorBulkReset" name="test_bulk_reset_invalid_scope" time="0.461" /><testcase classname="tests.test_eml_validator" name="test_validator_passes_minimum" time="0.009" /><testcase classname="tests.test_eml_validator" name="test_validator_fails_without_link_or_attachment" time="0.009" /><testcase classname="tests.test_inspector.TestInspectorEmails" name="test_email_pool_stable_within_session" time="0.399" /><testcase classname="tests.test_inspector.TestInspectorEmails" name="test_email_pool_spam_bounds" time="0.496" /><testcase classname="tests.test_inspector.TestInspectorSubmit" name="test_submit_saves_anonymous_attempt" time="0.362" /><testcase classname="tests.test_inspector.TestInspectorSubmit" name="test_submit_incorrect_with_wrong_signal" time="0.365" /><testcase classname="tests.test_inspector_parsing" name="test_placeholder_cleaning" time="0.001" /><testcase classname="tests.test_inspector_parsing" name="test_all_examples_parse" time="0.652" /><testcase classname="tests.test_m2_m4_features.TestAdminSetPassword" name="test_admin_can_reset_student_password" time="0.785" /><testcase classname="tests.test_m2_m4_features.TestAdminSetPassword" name="test_admin_cannot_reset_own_password_via_route" time="0.444" /><testcase classname="tests.test_m2_m4_features.TestAdminSetPassword" name="test_non_admin_cannot_reset_password" time="0.519" /><testcase classname="tests.test_m2_m4_features.TestAdminSetPassword" name="test_reset_nonexistent_user_returns_404" time="0.497" /><testcase classname="tests.test_m2_m4_features.TestAdminSetPassword" name="test_weak_password_rejected" time="0.618" /><testcase classname="tests.test_m2_m4_features.TestAdminSetPassword" name="test_mismatched_passwords_rejected" time="0.533" /><testcase classname="tests.test_m2_m4_features.TestSSORoutes" name="test_sso_login_redirect_when_disabled" time="0.285" /><testcase classname="tests.test_m2_m4_features.TestSSORoutes" name="test_sso_callback_redirect_when_disabled" time="0.145" /><testcase classname="tests.test_m2_m4_features.TestSSORoutes" name="test_sso_login_follows_to_login_page" time="0.154" /><testcase classname="tests.test_m2_m4_features.TestSSORoutes" name="test_sso_button_hidden_when_disabled" time="0.289" /><testcase classname="tests.test_models.TestUserModel" name="test_create_and_get_user" time="0.409" /><testcase classname="tests.test_models.TestUserModel" name="test_get_user_not_found" time="0.147" /><testcase classname="tests.test_models.TestUserModel" name="test_get_user_by_email" time="0.389" /><testcase classname="tests.test_models.TestUserModel" name="test_batch_create_users" time="0.332" /><testcase classname="tests.test_models.TestUserModel" name="test_batch_create_users_skips_existing" time="0.328" /><testcase classname="tests.test_models.TestUserModel" name="test_list_users_by_group" time="0.597" /><testcase classname="tests.test_models.TestUserModel" name="test_count_users" time="0.329" /><testcase classname="tests.test_models.TestUserModel" name="test_get_distinct_groups" time="0.330" /><testcase classname="tests.test_models.TestQuizModel" name="test_create_and_get_quiz" time="0.295" /><testcase classname="tests.test_models.TestQuizModel" name="test_list_quizzes" time="0.151" /><testcase classname="tests.test_models.TestAttemptModel" name="test_create_and_get_attempt" time="0.149" /><testcase classname="tests.test_models.TestAttemptModel" name="test_one_attempt_per_user_per_quiz" time="0.292" /><testcase classname="tests.test_models.TestAttemptModel" name="test_list_attempts_by_user" time="0.156" /><testcase classname="tests.test_models.TestAttemptModel" name="test_list_attempts_by_group" time="0.153" /><testcase classname="tests.test_models.TestResponseModel" name="test_save_and_get_responses" time="0.314" /><testcase classname="tests.test_models.TestResponseModel" name="test_get_responses_by_question" time="0.154" /><testcase classname="tests.test_models.TestCampaignModel" name="test_create_campaign_and_events" time="0.239" /><testcase classname="tests.test_models.TestCampaignModel" name="test_find_users_by_filters" time="0.466" /><testcase classname="tests.test_quiz.TestQuizList" name="test_quiz_list_requires_login" time="0.147" /><testcase classname="tests.test_quiz.TestQuizList" name="test_quiz_list_shows_quizzes" time="0.469" /><testcase classname="tests.test_quiz.TestQuizList" name="test_quiz_list_shows_completed_badge" time="0.354" /><testcase classname="tests.test_quiz.TestQuizLock" name="test_start_quiz_redirects_if_already_completed" time="0.362" /><testcase classname="tests.test_quiz.TestQuizLock" name="test_start_quiz_works_for_new_attempt" time="0.520" /><testcase classname="tests.test_quiz.TestTakeQuiz" name="test_take_question_renders" time="0.370" /><testcase classname="tests.test_quiz.TestTakeQuiz" name="test_submit_answer_saves_response" time="0.370" /><testcase classname="tests.test_quiz.TestQuizHistory" name="test_history_shows_attempts" time="0.498" /><testcase classname="tests.test_quiz.TestQuizHistory" name="test_history_empty" time="0.351" /><testcase classname="tests.test_registration" name="test_register_get" time="0.288" /><testcase classname="tests.test_registration" name="test_register_post_success" time="0.281" /><testcase classname="tests.test_registration" name="test_register_duplicate_username" time="0.260" /><testcase classname="tests.test_registration" name="test_register_duplicate_email" time="0.415" /><testcase classname="tests.test_registration" name="test_register_weak_password" time="0.165" /><testcase classname="tests.test_registration" name="test_generate_qr_requires_admin" time="0.340" /><testcase classname="tests.test_registration" name="test_generate_qr_get_as_admin" time="0.528" /><testcase classname="tests.test_registration" name="test_generate_qr_returns_png" time="0.362" /><testcase classname="tests.test_registration_worker" name="test_worker_creates_user" time="0.222" /><testcase classname="tests.test_registration_worker" name="test_worker_skips_duplicate" time="0.326" /><testcase classname="tests.test_registration_worker" name="test_worker_sends_email" time="0.183" /></testsuite></testsuites>